<?xml version="1.0" encoding="UTF-8"?>
<testng-results ignored="0" total="1" passed="1" failed="0" skipped="0">
  <reporter-output>
  </reporter-output>
  <suite started-at="2023-04-29T17:33:47 ICT" name="Regression" finished-at="2023-04-29T17:33:53 ICT" duration-ms="5638">
    <groups>
    </groups>
    <test started-at="2023-04-29T17:33:47 ICT" name="JIRA - Issue E2E" finished-at="2023-04-29T17:33:53 ICT" duration-ms="5638">
      <class name="test.JiraIssueCRUD">
        <test-method is-config="true" signature="beforeSuite()[pri:0, instance:test.JiraIssueCRUD@1abc9f14]" started-at="2023-04-29T17:33:47 ICT" name="beforeSuite" finished-at="2023-04-29T17:33:47 ICT" duration-ms="27" status="PASS">
          <reporter-output>
          </reporter-output>
        </test-method> <!-- beforeSuite -->
        <test-method is-config="true" signature="beforeTest()[pri:0, instance:test.JiraIssueCRUD@1abc9f14]" started-at="2023-04-29T17:33:47 ICT" name="beforeTest" finished-at="2023-04-29T17:33:48 ICT" duration-ms="554" status="PASS">
          <reporter-output>
          </reporter-output>
        </test-method> <!-- beforeTest -->
        <test-method signature="testE2EFlow()[pri:0, instance:test.JiraIssueCRUD@1abc9f14]" started-at="2023-04-29T17:33:48 ICT" name="testE2EFlow" finished-at="2023-04-29T17:33:53 ICT" duration-ms="4992" status="PASS">
          <reporter-output>
          </reporter-output>
        </test-method> <!-- testE2EFlow -->
      </class> <!-- test.JiraIssueCRUD -->
    </test> <!-- JIRA - Issue E2E -->
  </suite> <!-- Regression -->
</testng-results>
