<?xml version="1.0" encoding="UTF-8"?>
<testng-results ignored="0" total="1" passed="1" failed="0" skipped="0">
  <reporter-output>
  </reporter-output>
  <suite started-at="2023-04-28T16:46:33 ICT" name="Suite1" finished-at="2023-04-28T16:46:38 ICT" duration-ms="5060">
    <groups>
    </groups>
    <test started-at="2023-04-28T16:46:33 ICT" name="Nopackage" finished-at="2023-04-28T16:46:38 ICT" duration-ms="5060">
      <class name="test.JiraIssueCRUD">
        <test-method signature="testE2EFlow()[pri:0, instance:test.JiraIssueCRUD@7db12bb6]" started-at="2023-04-28T16:46:33 ICT" name="testE2EFlow" finished-at="2023-04-28T16:46:38 ICT" duration-ms="5038" status="PASS">
          <reporter-output>
          </reporter-output>
        </test-method> <!-- testE2EFlow -->
      </class> <!-- test.JiraIssueCRUD -->
    </test> <!-- Nopackage -->
  </suite> <!-- Suite1 -->
</testng-results>
